<?xml version="1.0" encoding="UTF-8"?>
<!-- Generated by org.testng.reporters.JUnitReportReporter -->
<testsuite hostname="Bachking" failures="0" tests="2" name="org.example.AppTest" time="33.041" errors="0" timestamp="2023-04-21T12:49:28 IST" skipped="0">
  <testcase classname="org.example.AppTest" name="dropdown" time="7.706"/>
  <system-out/>
  <testcase classname="org.example.AppTest" name="Dropdown" time="25.335"/>
  <system-out/>
</testsuite> <!-- org.example.AppTest -->
